{"C:\\Users\\marce\\OneDrive\\Área de Trabalho\\Monitor_Coronel_Barbosa\\monitor-pmto\\src\\lib\\accessLog.js": {"path":"C:\\Users\\marce\\OneDrive\\Área de Trabalho\\Monitor_Coronel_Barbosa\\monitor-pmto\\src\\lib\\accessLog.js","statementMap":{"0":{"start":{"line":10,"column":25},"end":{"line":24,"column":1}},"1":{"start":{"line":11,"column":2},"end":{"line":23,"column":null}},"2":{"start":{"line":12,"column":34},"end":{"line":12,"column":66}},"3":{"start":{"line":13,"column":4},"end":{"line":13,"column":null}},"4":{"start":{"line":13,"column":24},"end":{"line":13,"column":null}},"5":{"start":{"line":15,"column":4},"end":{"line":20,"column":null}}},"fnMap":{"0":{"name":"(anonymous_0)","decl":{"start":{"line":10,"column":25},"end":{"line":10,"column":30}},"loc":{"start":{"line":10,"column":58},"end":{"line":24,"column":1}},"line":10}},"branchMap":{"0":{"loc":{"start":{"line":10,"column":40},"end":{"line":10,"column":53}},"type":"default-arg","locations":[{"start":{"line":10,"column":49},"end":{"line":10,"column":53}}],"line":10},"1":{"loc":{"start":{"line":13,"column":4},"end":{"line":13,"column":null}},"type":"if","locations":[{"start":{"line":13,"column":4},"end":{"line":13,"column":null}},{"start":{},"end":{}}],"line":13}},"s":{"0":0,"1":0,"2":0,"3":0,"4":0,"5":0},"f":{"0":0},"b":{"0":[0],"1":[0,0]},"meta":{"lastBranch":2,"lastFunction":1,"lastStatement":6,"seen":{"s:10:25:24:1":0,"f:10:25:10:30":0,"b:10:49:10:53":0,"s:11:2:23:Infinity":1,"s:12:34:12:66":2,"b:13:4:13:Infinity:undefined:undefined:undefined:undefined":1,"s:13:4:13:Infinity":3,"s:13:24:13:Infinity":4,"s:15:4:20:Infinity":5}}}
,"C:\\Users\\marce\\OneDrive\\Área de Trabalho\\Monitor_Coronel_Barbosa\\monitor-pmto\\src\\lib\\analytics.js": {"path":"C:\\Users\\marce\\OneDrive\\Área de Trabalho\\Monitor_Coronel_Barbosa\\monitor-pmto\\src\\lib\\analytics.js","statementMap":{"0":{"start":{"line":5,"column":24},"end":{"line":14,"column":1}},"1":{"start":{"line":16,"column":18},"end":{"line":21,"column":1}},"2":{"start":{"line":17,"column":2},"end":{"line":17,"column":null}},"3":{"start":{"line":17,"column":12},"end":{"line":17,"column":null}},"4":{"start":{"line":18,"column":2},"end":{"line":18,"column":null}},"5":{"start":{"line":18,"column":12},"end":{"line":18,"column":null}},"6":{"start":{"line":19,"column":2},"end":{"line":19,"column":null}},"7":{"start":{"line":19,"column":12},"end":{"line":19,"column":null}},"8":{"start":{"line":20,"column":2},"end":{"line":20,"column":null}},"9":{"start":{"line":23,"column":18},"end":{"line":23,"column":87}},"10":{"start":{"line":23,"column":24},"end":{"line":23,"column":86}},"11":{"start":{"line":25,"column":19},"end":{"line":29,"column":1}},"12":{"start":{"line":26,"column":2},"end":{"line":26,"column":null}},"13":{"start":{"line":26,"column":8},"end":{"line":26,"column":null}},"14":{"start":{"line":27,"column":10},"end":{"line":27,"column":33}},"15":{"start":{"line":28,"column":2},"end":{"line":28,"column":null}},"16":{"start":{"line":31,"column":21},"end":{"line":38,"column":1}},"17":{"start":{"line":32,"column":2},"end":{"line":32,"column":null}},"18":{"start":{"line":32,"column":8},"end":{"line":32,"column":null}},"19":{"start":{"line":33,"column":2},"end":{"line":37,"column":null}},"20":{"start":{"line":34,"column":14},"end":{"line":34,"column":50}},"21":{"start":{"line":35,"column":14},"end":{"line":35,"column":28}},"22":{"start":{"line":36,"column":4},"end":{"line":36,"column":null}},"23":{"start":{"line":37,"column":9},"end":{"line":37,"column":19}},"24":{"start":{"line":40,"column":20},"end":{"line":40,"column":82}},"25":{"start":{"line":40,"column":25},"end":{"line":40,"column":82}},"26":{"start":{"line":42,"column":23},"end":{"line":55,"column":1}},"27":{"start":{"line":43,"column":2},"end":{"line":43,"column":null}},"28":{"start":{"line":43,"column":18},"end":{"line":43,"column":null}},"29":{"start":{"line":44,"column":10},"end":{"line":44,"column":53}},"30":{"start":{"line":44,"column":29},"end":{"line":44,"column":38}},"31":{"start":{"line":45,"column":2},"end":{"line":54,"column":null}},"32":{"start":{"line":48,"column":23},"end":{"line":48,"column":47}},"33":{"start":{"line":49,"column":23},"end":{"line":49,"column":54}},"34":{"start":{"line":50,"column":23},"end":{"line":50,"column":50}},"35":{"start":{"line":51,"column":23},"end":{"line":51,"column":37}},"36":{"start":{"line":52,"column":23},"end":{"line":52,"column":37}},"37":{"start":{"line":53,"column":32},"end":{"line":53,"column":40}},"38":{"start":{"line":57,"column":33},"end":{"line":75,"column":1}},"39":{"start":{"line":58,"column":20},"end":{"line":58,"column":45}},"40":{"start":{"line":59,"column":20},"end":{"line":59,"column":63}},"41":{"start":{"line":60,"column":21},"end":{"line":60,"column":83}},"42":{"start":{"line":60,"column":46},"end":{"line":60,"column":79}},"43":{"start":{"line":61,"column":15},"end":{"line":61,"column":87}},"44":{"start":{"line":61,"column":48},"end":{"line":61,"column":74}},"45":{"start":{"line":62,"column":20},"end":{"line":62,"column":56}},"46":{"start":{"line":62,"column":33},"end":{"line":62,"column":55}},"47":{"start":{"line":63,"column":18},"end":{"line":63,"column":55}},"48":{"start":{"line":64,"column":17},"end":{"line":64,"column":85}},"49":{"start":{"line":64,"column":32},"end":{"line":64,"column":84}},"50":{"start":{"line":65,"column":17},"end":{"line":65,"column":122}},"51":{"start":{"line":65,"column":66},"end":{"line":65,"column":90}},"52":{"start":{"line":66,"column":19},"end":{"line":66,"column":90}},"53":{"start":{"line":67,"column":20},"end":{"line":67,"column":64}},"54":{"start":{"line":68,"column":20},"end":{"line":68,"column":64}},"55":{"start":{"line":69,"column":21},"end":{"line":69,"column":53}},"56":{"start":{"line":70,"column":12},"end":{"line":70,"column":22}},"57":{"start":{"line":70,"column":29},"end":{"line":70,"column":42}},"58":{"start":{"line":71,"column":13},"end":{"line":71,"column":89}},"59":{"start":{"line":71,"column":20},"end":{"line":71,"column":87}},"60":{"start":{"line":71,"column":24},"end":{"line":71,"column":70}},"61":{"start":{"line":71,"column":77},"end":{"line":71,"column":86}},"62":{"start":{"line":72,"column":17},"end":{"line":72,"column":83}},"63":{"start":{"line":72,"column":42},"end":{"line":72,"column":75}},"64":{"start":{"line":73,"column":19},"end":{"line":73,"column":53}},"65":{"start":{"line":74,"column":2},"end":{"line":74,"column":null}}},"fnMap":{"0":{"name":"(anonymous_0)","decl":{"start":{"line":16,"column":18},"end":{"line":16,"column":19}},"loc":{"start":{"line":16,"column":23},"end":{"line":21,"column":1}},"line":16},"1":{"name":"(anonymous_1)","decl":{"start":{"line":23,"column":18},"end":{"line":23,"column":19}},"loc":{"start":{"line":23,"column":24},"end":{"line":23,"column":86}},"line":23},"2":{"name":"(anonymous_2)","decl":{"start":{"line":25,"column":19},"end":{"line":25,"column":20}},"loc":{"start":{"line":25,"column":24},"end":{"line":29,"column":1}},"line":25},"3":{"name":"(anonymous_3)","decl":{"start":{"line":31,"column":21},"end":{"line":31,"column":22}},"loc":{"start":{"line":31,"column":26},"end":{"line":38,"column":1}},"line":31},"4":{"name":"(anonymous_4)","decl":{"start":{"line":40,"column":20},"end":{"line":40,"column":21}},"loc":{"start":{"line":40,"column":25},"end":{"line":40,"column":82}},"line":40},"5":{"name":"(anonymous_5)","decl":{"start":{"line":42,"column":23},"end":{"line":42,"column":27}},"loc":{"start":{"line":42,"column":31},"end":{"line":55,"column":1}},"line":42},"6":{"name":"(anonymous_6)","decl":{"start":{"line":44,"column":22},"end":{"line":44,"column":23}},"loc":{"start":{"line":44,"column":29},"end":{"line":44,"column":38}},"line":44},"7":{"name":"(anonymous_7)","decl":{"start":{"line":48,"column":20},"end":{"line":48,"column":21}},"loc":{"start":{"line":48,"column":23},"end":{"line":48,"column":47}},"line":48},"8":{"name":"(anonymous_8)","decl":{"start":{"line":49,"column":20},"end":{"line":49,"column":21}},"loc":{"start":{"line":49,"column":23},"end":{"line":49,"column":54}},"line":49},"9":{"name":"(anonymous_9)","decl":{"start":{"line":50,"column":20},"end":{"line":50,"column":21}},"loc":{"start":{"line":50,"column":23},"end":{"line":50,"column":50}},"line":50},"10":{"name":"(anonymous_10)","decl":{"start":{"line":51,"column":20},"end":{"line":51,"column":21}},"loc":{"start":{"line":51,"column":23},"end":{"line":51,"column":37}},"line":51},"11":{"name":"(anonymous_11)","decl":{"start":{"line":52,"column":20},"end":{"line":52,"column":21}},"loc":{"start":{"line":52,"column":23},"end":{"line":52,"column":37}},"line":52},"12":{"name":"(anonymous_12)","decl":{"start":{"line":53,"column":29},"end":{"line":53,"column":30}},"loc":{"start":{"line":53,"column":32},"end":{"line":53,"column":40}},"line":53},"13":{"name":"(anonymous_13)","decl":{"start":{"line":57,"column":33},"end":{"line":57,"column":34}},"loc":{"start":{"line":57,"column":90},"end":{"line":75,"column":1}},"line":57},"14":{"name":"(anonymous_14)","decl":{"start":{"line":60,"column":38},"end":{"line":60,"column":39}},"loc":{"start":{"line":60,"column":46},"end":{"line":60,"column":79}},"line":60},"15":{"name":"(anonymous_15)","decl":{"start":{"line":61,"column":45},"end":{"line":61,"column":46}},"loc":{"start":{"line":61,"column":48},"end":{"line":61,"column":74}},"line":61},"16":{"name":"(anonymous_16)","decl":{"start":{"line":62,"column":30},"end":{"line":62,"column":31}},"loc":{"start":{"line":62,"column":33},"end":{"line":62,"column":55}},"line":62},"17":{"name":"(anonymous_17)","decl":{"start":{"line":64,"column":29},"end":{"line":64,"column":30}},"loc":{"start":{"line":64,"column":32},"end":{"line":64,"column":84}},"line":64},"18":{"name":"(anonymous_18)","decl":{"start":{"line":65,"column":59},"end":{"line":65,"column":60}},"loc":{"start":{"line":65,"column":66},"end":{"line":65,"column":90}},"line":65},"19":{"name":"(anonymous_19)","decl":{"start":{"line":71,"column":13},"end":{"line":71,"column":14}},"loc":{"start":{"line":71,"column":18},"end":{"line":71,"column":89}},"line":71},"20":{"name":"(anonymous_20)","decl":{"start":{"line":72,"column":39},"end":{"line":72,"column":40}},"loc":{"start":{"line":72,"column":42},"end":{"line":72,"column":75}},"line":72}},"branchMap":{"0":{"loc":{"start":{"line":17,"column":2},"end":{"line":17,"column":null}},"type":"if","locations":[{"start":{"line":17,"column":2},"end":{"line":17,"column":null}},{"start":{},"end":{}}],"line":17},"1":{"loc":{"start":{"line":18,"column":2},"end":{"line":18,"column":null}},"type":"if","locations":[{"start":{"line":18,"column":2},"end":{"line":18,"column":null}},{"start":{},"end":{}}],"line":18},"2":{"loc":{"start":{"line":19,"column":2},"end":{"line":19,"column":null}},"type":"if","locations":[{"start":{"line":19,"column":2},"end":{"line":19,"column":null}},{"start":{},"end":{}}],"line":19},"3":{"loc":{"start":{"line":23,"column":24},"end":{"line":23,"column":86}},"type":"binary-expr","locations":[{"start":{"line":23,"column":24},"end":{"line":23,"column":75}},{"start":{"line":23,"column":77},"end":{"line":23,"column":86}}],"line":23},"4":{"loc":{"start":{"line":26,"column":2},"end":{"line":26,"column":null}},"type":"if","locations":[{"start":{"line":26,"column":2},"end":{"line":26,"column":null}},{"start":{},"end":{}}],"line":26},"5":{"loc":{"start":{"line":32,"column":2},"end":{"line":32,"column":null}},"type":"if","locations":[{"start":{"line":32,"column":2},"end":{"line":32,"column":null}},{"start":{},"end":{}}],"line":32},"6":{"loc":{"start":{"line":34,"column":14},"end":{"line":34,"column":50}},"type":"cond-expr","locations":[{"start":{"line":34,"column":30},"end":{"line":34,"column":31}},{"start":{"line":34,"column":32},"end":{"line":34,"column":50}}],"line":34},"7":{"loc":{"start":{"line":36,"column":10},"end":{"line":36,"column":60}},"type":"cond-expr","locations":[{"start":{"line":36,"column":24},"end":{"line":36,"column":56}},{"start":{"line":36,"column":57},"end":{"line":36,"column":60}}],"line":36},"8":{"loc":{"start":{"line":40,"column":25},"end":{"line":40,"column":82}},"type":"cond-expr","locations":[{"start":{"line":40,"column":33},"end":{"line":40,"column":69}},{"start":{"line":40,"column":70},"end":{"line":40,"column":82}}],"line":40},"9":{"loc":{"start":{"line":40,"column":53},"end":{"line":40,"column":65}},"type":"cond-expr","locations":[{"start":{"line":40,"column":62},"end":{"line":40,"column":63}},{"start":{"line":40,"column":64},"end":{"line":40,"column":65}}],"line":40},"10":{"loc":{"start":{"line":40,"column":77},"end":{"line":40,"column":81}},"type":"binary-expr","locations":[{"start":{"line":40,"column":77},"end":{"line":40,"column":78}},{"start":{"line":40,"column":80},"end":{"line":40,"column":81}}],"line":40},"11":{"loc":{"start":{"line":43,"column":2},"end":{"line":43,"column":null}},"type":"if","locations":[{"start":{"line":43,"column":2},"end":{"line":43,"column":null}},{"start":{},"end":{}}],"line":43},"12":{"loc":{"start":{"line":59,"column":20},"end":{"line":59,"column":63}},"type":"cond-expr","locations":[{"start":{"line":59,"column":48},"end":{"line":59,"column":58}},{"start":{"line":59,"column":61},"end":{"line":59,"column":63}}],"line":59},"13":{"loc":{"start":{"line":60,"column":46},"end":{"line":60,"column":79}},"type":"cond-expr","locations":[{"start":{"line":60,"column":63},"end":{"line":60,"column":76}},{"start":{"line":60,"column":77},"end":{"line":60,"column":79}}],"line":60},"14":{"loc":{"start":{"line":61,"column":15},"end":{"line":61,"column":87}},"type":"cond-expr","locations":[{"start":{"line":61,"column":28},"end":{"line":61,"column":75}},{"start":{"line":61,"column":78},"end":{"line":61,"column":87}}],"line":61},"15":{"loc":{"start":{"line":63,"column":18},"end":{"line":63,"column":55}},"type":"binary-expr","locations":[{"start":{"line":63,"column":18},"end":{"line":63,"column":49}},{"start":{"line":63,"column":51},"end":{"line":63,"column":55}}],"line":63},"16":{"loc":{"start":{"line":64,"column":32},"end":{"line":64,"column":84}},"type":"binary-expr","locations":[{"start":{"line":64,"column":32},"end":{"line":64,"column":54}},{"start":{"line":64,"column":56},"end":{"line":64,"column":84}}],"line":64},"17":{"loc":{"start":{"line":65,"column":17},"end":{"line":65,"column":122}},"type":"cond-expr","locations":[{"start":{"line":65,"column":33},"end":{"line":65,"column":115}},{"start":{"line":65,"column":118},"end":{"line":65,"column":122}}],"line":65},"18":{"loc":{"start":{"line":66,"column":19},"end":{"line":66,"column":90}},"type":"cond-expr","locations":[{"start":{"line":66,"column":49},"end":{"line":66,"column":83}},{"start":{"line":66,"column":86},"end":{"line":66,"column":90}}],"line":66},"19":{"loc":{"start":{"line":66,"column":19},"end":{"line":66,"column":46}},"type":"binary-expr","locations":[{"start":{"line":66,"column":19},"end":{"line":66,"column":32}},{"start":{"line":66,"column":34},"end":{"line":66,"column":46}}],"line":66},"20":{"loc":{"start":{"line":67,"column":20},"end":{"line":67,"column":64}},"type":"binary-expr","locations":[{"start":{"line":67,"column":20},"end":{"line":67,"column":58}},{"start":{"line":67,"column":60},"end":{"line":67,"column":64}}],"line":67},"21":{"loc":{"start":{"line":68,"column":20},"end":{"line":68,"column":64}},"type":"binary-expr","locations":[{"start":{"line":68,"column":20},"end":{"line":68,"column":58}},{"start":{"line":68,"column":60},"end":{"line":68,"column":64}}],"line":68},"22":{"loc":{"start":{"line":69,"column":21},"end":{"line":69,"column":53}},"type":"binary-expr","locations":[{"start":{"line":69,"column":21},"end":{"line":69,"column":47}},{"start":{"line":69,"column":49},"end":{"line":69,"column":53}}],"line":69},"23":{"loc":{"start":{"line":72,"column":18},"end":{"line":72,"column":30}},"type":"binary-expr","locations":[{"start":{"line":72,"column":18},"end":{"line":72,"column":26}},{"start":{"line":72,"column":28},"end":{"line":72,"column":30}}],"line":72},"24":{"loc":{"start":{"line":72,"column":42},"end":{"line":72,"column":75}},"type":"binary-expr","locations":[{"start":{"line":72,"column":42},"end":{"line":72,"column":57}},{"start":{"line":72,"column":59},"end":{"line":72,"column":75}}],"line":72},"25":{"loc":{"start":{"line":73,"column":19},"end":{"line":73,"column":53}},"type":"binary-expr","locations":[{"start":{"line":73,"column":19},"end":{"line":73,"column":50}},{"start":{"line":73,"column":52},"end":{"line":73,"column":53}}],"line":73}},"s":{"0":1,"1":1,"2":6,"3":2,"4":4,"5":4,"6":3,"7":3,"8":2,"9":1,"10":5,"11":1,"12":0,"13":0,"14":0,"15":0,"16":1,"17":7,"18":3,"19":4,"20":4,"21":7,"22":7,"23":0,"24":1,"25":9,"26":1,"27":3,"28":1,"29":2,"30":4,"31":2,"32":4,"33":4,"34":4,"35":4,"36":4,"37":4,"38":1,"39":0,"40":0,"41":0,"42":0,"43":0,"44":0,"45":0,"46":0,"47":0,"48":0,"49":0,"50":0,"51":0,"52":0,"53":0,"54":0,"55":0,"56":0,"57":0,"58":0,"59":0,"60":0,"61":0,"62":0,"63":0,"64":0,"65":0},"f":{"0":6,"1":5,"2":0,"3":7,"4":9,"5":3,"6":4,"7":4,"8":4,"9":4,"10":4,"11":4,"12":4,"13":0,"14":0,"15":0,"16":0,"17":0,"18":0,"19":0,"20":0},"b":{"0":[2,4],"1":[1,3],"2":[1,2],"3":[5,2],"4":[0,0],"5":[3,4],"6":[1,3],"7":[3,1],"8":[5,4],"9":[2,3],"10":[4,3],"11":[1,2],"12":[0,0],"13":[0,0],"14":[0,0],"15":[0,0],"16":[0,0],"17":[0,0],"18":[0,0],"19":[0,0],"20":[0,0],"21":[0,0],"22":[0,0],"23":[0,0],"24":[0,0],"25":[0,0]},"meta":{"lastBranch":26,"lastFunction":21,"lastStatement":66,"seen":{"s:5:24:14:1":0,"s:16:18:21:1":1,"f:16:18:16:19":0,"b:17:2:17:Infinity:undefined:undefined:undefined:undefined":0,"s:17:2:17:Infinity":2,"s:17:12:17:Infinity":3,"b:18:2:18:Infinity:undefined:undefined:undefined:undefined":1,"s:18:2:18:Infinity":4,"s:18:12:18:Infinity":5,"b:19:2:19:Infinity:undefined:undefined:undefined:undefined":2,"s:19:2:19:Infinity":6,"s:19:12:19:Infinity":7,"s:20:2:20:Infinity":8,"s:23:18:23:87":9,"f:23:18:23:19":1,"s:23:24:23:86":10,"b:23:24:23:75:23:77:23:86":3,"s:25:19:29:1":11,"f:25:19:25:20":2,"b:26:2:26:Infinity:undefined:undefined:undefined:undefined":4,"s:26:2:26:Infinity":12,"s:26:8:26:Infinity":13,"s:27:10:27:33":14,"s:28:2:28:Infinity":15,"s:31:21:38:1":16,"f:31:21:31:22":3,"b:32:2:32:Infinity:undefined:undefined:undefined:undefined":5,"s:32:2:32:Infinity":17,"s:32:8:32:Infinity":18,"s:33:2:37:Infinity":19,"s:34:14:34:50":20,"b:34:30:34:31:34:32:34:50":6,"s:35:14:35:28":21,"s:36:4:36:Infinity":22,"b:36:24:36:56:36:57:36:60":7,"s:37:9:37:19":23,"s:40:20:40:82":24,"f:40:20:40:21":4,"s:40:25:40:82":25,"b:40:33:40:69:40:70:40:82":8,"b:40:62:40:63:40:64:40:65":9,"b:40:77:40:78:40:80:40:81":10,"s:42:23:55:1":26,"f:42:23:42:27":5,"b:43:2:43:Infinity:undefined:undefined:undefined:undefined":11,"s:43:2:43:Infinity":27,"s:43:18:43:Infinity":28,"s:44:10:44:53":29,"f:44:22:44:23":6,"s:44:29:44:38":30,"s:45:2:54:Infinity":31,"f:48:20:48:21":7,"s:48:23:48:47":32,"f:49:20:49:21":8,"s:49:23:49:54":33,"f:50:20:50:21":9,"s:50:23:50:50":34,"f:51:20:51:21":10,"s:51:23:51:37":35,"f:52:20:52:21":11,"s:52:23:52:37":36,"f:53:29:53:30":12,"s:53:32:53:40":37,"s:57:33:75:1":38,"f:57:33:57:34":13,"s:58:20:58:45":39,"s:59:20:59:63":40,"b:59:48:59:58:59:61:59:63":12,"s:60:21:60:83":41,"f:60:38:60:39":14,"s:60:46:60:79":42,"b:60:63:60:76:60:77:60:79":13,"s:61:15:61:87":43,"b:61:28:61:75:61:78:61:87":14,"f:61:45:61:46":15,"s:61:48:61:74":44,"s:62:20:62:56":45,"f:62:30:62:31":16,"s:62:33:62:55":46,"s:63:18:63:55":47,"b:63:18:63:49:63:51:63:55":15,"s:64:17:64:85":48,"f:64:29:64:30":17,"s:64:32:64:84":49,"b:64:32:64:54:64:56:64:84":16,"s:65:17:65:122":50,"b:65:33:65:115:65:118:65:122":17,"f:65:59:65:60":18,"s:65:66:65:90":51,"s:66:19:66:90":52,"b:66:49:66:83:66:86:66:90":18,"b:66:19:66:32:66:34:66:46":19,"s:67:20:67:64":53,"b:67:20:67:58:67:60:67:64":20,"s:68:20:68:64":54,"b:68:20:68:58:68:60:68:64":21,"s:69:21:69:53":55,"b:69:21:69:47:69:49:69:53":22,"s:70:12:70:22":56,"s:70:29:70:42":57,"s:71:13:71:89":58,"f:71:13:71:14":19,"s:71:20:71:87":59,"s:71:24:71:70":60,"s:71:77:71:86":61,"s:72:17:72:83":62,"b:72:18:72:26:72:28:72:30":23,"f:72:39:72:40":20,"s:72:42:72:75":63,"b:72:42:72:57:72:59:72:75":24,"s:73:19:73:53":64,"b:73:19:73:50:73:52:73:53":25,"s:74:2:74:Infinity":65}}}
,"C:\\Users\\marce\\OneDrive\\Área de Trabalho\\Monitor_Coronel_Barbosa\\monitor-pmto\\src\\lib\\config.js": {"path":"C:\\Users\\marce\\OneDrive\\Área de Trabalho\\Monitor_Coronel_Barbosa\\monitor-pmto\\src\\lib\\config.js","statementMap":{"0":{"start":{"line":1,"column":22},"end":{"line":3,"column":1}}},"fnMap":{},"branchMap":{"0":{"loc":{"start":{"line":2,"column":22},"end":{"line":2,"column":84}},"type":"binary-expr","locations":[{"start":{"line":2,"column":22},"end":{"line":2,"column":61}},{"start":{"line":2,"column":65},"end":{"line":2,"column":84}}],"line":2}},"s":{"0":1},"f":{},"b":{"0":[1,0]},"meta":{"lastBranch":1,"lastFunction":0,"lastStatement":1,"seen":{"s:1:22:3:1":0,"b:2:22:2:61:2:65:2:84":0}}}
,"C:\\Users\\marce\\OneDrive\\Área de Trabalho\\Monitor_Coronel_Barbosa\\monitor-pmto\\src\\lib\\export.js": {"path":"C:\\Users\\marce\\OneDrive\\Área de Trabalho\\Monitor_Coronel_Barbosa\\monitor-pmto\\src\\lib\\export.js","statementMap":{"0":{"start":{"line":2,"column":2},"end":{"line":5,"column":null}},"1":{"start":{"line":3,"column":4},"end":{"line":3,"column":null}},"2":{"start":{"line":4,"column":4},"end":{"line":4,"column":null}},"3":{"start":{"line":7,"column":18},"end":{"line":7,"column":38}},"4":{"start":{"line":8,"column":18},"end":{"line":19,"column":3}},"5":{"start":{"line":11,"column":6},"end":{"line":17,"column":null}},"6":{"start":{"line":12,"column":18},"end":{"line":12,"column":30}},"7":{"start":{"line":13,"column":8},"end":{"line":15,"column":null}},"8":{"start":{"line":14,"column":10},"end":{"line":14,"column":null}},"9":{"start":{"line":16,"column":8},"end":{"line":16,"column":null}},"10":{"start":{"line":21,"column":20},"end":{"line":21,"column":49}},"11":{"start":{"line":22,"column":15},"end":{"line":22,"column":73}},"12":{"start":{"line":23,"column":14},"end":{"line":23,"column":39}},"13":{"start":{"line":25,"column":15},"end":{"line":25,"column":42}},"14":{"start":{"line":26,"column":2},"end":{"line":26,"column":null}},"15":{"start":{"line":27,"column":2},"end":{"line":27,"column":null}},"16":{"start":{"line":28,"column":2},"end":{"line":28,"column":null}},"17":{"start":{"line":30,"column":2},"end":{"line":30,"column":null}},"18":{"start":{"line":34,"column":2},"end":{"line":34,"column":null}}},"fnMap":{"0":{"name":"exportToCsv","decl":{"start":{"line":1,"column":16},"end":{"line":1,"column":27}},"loc":{"start":{"line":1,"column":44},"end":{"line":31,"column":null}},"line":1},"1":{"name":"(anonymous_1)","decl":{"start":{"line":10,"column":16},"end":{"line":10,"column":19}},"loc":{"start":{"line":11,"column":6},"end":{"line":17,"column":null}},"line":11},"2":{"name":"(anonymous_2)","decl":{"start":{"line":11,"column":18},"end":{"line":11,"column":19}},"loc":{"start":{"line":11,"column":23},"end":{"line":17,"column":7}},"line":11},"3":{"name":"exportToPdf","decl":{"start":{"line":33,"column":16},"end":{"line":33,"column":27}},"loc":{"start":{"line":33,"column":30},"end":{"line":35,"column":null}},"line":33}},"branchMap":{"0":{"loc":{"start":{"line":2,"column":2},"end":{"line":5,"column":null}},"type":"if","locations":[{"start":{"line":2,"column":2},"end":{"line":5,"column":null}},{"start":{},"end":{}}],"line":2},"1":{"loc":{"start":{"line":2,"column":6},"end":{"line":2,"column":32}},"type":"binary-expr","locations":[{"start":{"line":2,"column":6},"end":{"line":2,"column":11}},{"start":{"line":2,"column":15},"end":{"line":2,"column":32}}],"line":2},"2":{"loc":{"start":{"line":12,"column":18},"end":{"line":12,"column":30}},"type":"binary-expr","locations":[{"start":{"line":12,"column":18},"end":{"line":12,"column":24}},{"start":{"line":12,"column":28},"end":{"line":12,"column":30}}],"line":12},"3":{"loc":{"start":{"line":13,"column":8},"end":{"line":15,"column":null}},"type":"if","locations":[{"start":{"line":13,"column":8},"end":{"line":15,"column":null}},{"start":{},"end":{}}],"line":13},"4":{"loc":{"start":{"line":13,"column":12},"end":{"line":13,"column":101}},"type":"binary-expr","locations":[{"start":{"line":13,"column":12},"end":{"line":13,"column":35}},{"start":{"line":13,"column":40},"end":{"line":13,"column":57}},{"start":{"line":13,"column":61},"end":{"line":13,"column":78}},{"start":{"line":13,"column":82},"end":{"line":13,"column":100}}],"line":13}},"s":{"0":0,"1":0,"2":0,"3":0,"4":0,"5":0,"6":0,"7":0,"8":0,"9":0,"10":0,"11":0,"12":0,"13":0,"14":0,"15":0,"16":0,"17":0,"18":0},"f":{"0":0,"1":0,"2":0,"3":0},"b":{"0":[0,0],"1":[0,0],"2":[0,0],"3":[0,0],"4":[0,0,0,0]},"meta":{"lastBranch":5,"lastFunction":4,"lastStatement":19,"seen":{"f:1:16:1:27":0,"b:2:2:5:Infinity:undefined:undefined:undefined:undefined":0,"s:2:2:5:Infinity":0,"b:2:6:2:11:2:15:2:32":1,"s:3:4:3:Infinity":1,"s:4:4:4:Infinity":2,"s:7:18:7:38":3,"s:8:18:19:3":4,"f:10:16:10:19":1,"s:11:6:17:Infinity":5,"f:11:18:11:19":2,"s:12:18:12:30":6,"b:12:18:12:24:12:28:12:30":2,"b:13:8:15:Infinity:undefined:undefined:undefined:undefined":3,"s:13:8:15:Infinity":7,"b:13:12:13:35:13:40:13:57:13:61:13:78:13:82:13:100":4,"s:14:10:14:Infinity":8,"s:16:8:16:Infinity":9,"s:21:20:21:49":10,"s:22:15:22:73":11,"s:23:14:23:39":12,"s:25:15:25:42":13,"s:26:2:26:Infinity":14,"s:27:2:27:Infinity":15,"s:28:2:28:Infinity":16,"s:30:2:30:Infinity":17,"f:33:16:33:27":3,"s:34:2:34:Infinity":18}}}
,"C:\\Users\\marce\\OneDrive\\Área de Trabalho\\Monitor_Coronel_Barbosa\\monitor-pmto\\src\\lib\\fetch.js": {"path":"C:\\Users\\marce\\OneDrive\\Área de Trabalho\\Monitor_Coronel_Barbosa\\monitor-pmto\\src\\lib\\fetch.js","statementMap":{"0":{"start":{"line":3,"column":18},"end":{"line":3,"column":29}},"1":{"start":{"line":5,"column":20},"end":{"line":14,"column":1}},"2":{"start":{"line":16,"column":22},"end":{"line":16,"column":27}},"3":{"start":{"line":17,"column":24},"end":{"line":17,"column":64}},"4":{"start":{"line":19,"column":22},"end":{"line":66,"column":1}},"5":{"start":{"line":20,"column":15},"end":{"line":20,"column":36}},"6":{"start":{"line":21,"column":14},"end":{"line":21,"column":59}},"7":{"start":{"line":21,"column":31},"end":{"line":21,"column":43}},"8":{"start":{"line":23,"column":18},"end":{"line":49,"column":3}},"9":{"start":{"line":24,"column":53},"end":{"line":24,"column":85}},"10":{"start":{"line":27,"column":4},"end":{"line":33,"column":null}},"11":{"start":{"line":28,"column":6},"end":{"line":31,"column":null}},"12":{"start":{"line":29,"column":55},"end":{"line":29,"column":91}},"13":{"start":{"line":30,"column":8},"end":{"line":30,"column":null}},"14":{"start":{"line":30,"column":46},"end":{"line":30,"column":null}},"15":{"start":{"line":32,"column":6},"end":{"line":32,"column":null}},"16":{"start":{"line":35,"column":14},"end":{"line":38,"column":6}},"17":{"start":{"line":41,"column":4},"end":{"line":45,"column":null}},"18":{"start":{"line":42,"column":53},"end":{"line":42,"column":89}},"19":{"start":{"line":43,"column":6},"end":{"line":43,"column":null}},"20":{"start":{"line":43,"column":44},"end":{"line":43,"column":null}},"21":{"start":{"line":44,"column":6},"end":{"line":44,"column":null}},"22":{"start":{"line":47,"column":4},"end":{"line":47,"column":null}},"23":{"start":{"line":47,"column":15},"end":{"line":47,"column":null}},"24":{"start":{"line":48,"column":4},"end":{"line":48,"column":null}},"25":{"start":{"line":51,"column":2},"end":{"line":65,"column":null}},"26":{"start":{"line":52,"column":4},"end":{"line":52,"column":null}},"27":{"start":{"line":54,"column":4},"end":{"line":57,"column":null}},"28":{"start":{"line":55,"column":6},"end":{"line":55,"column":null}},"29":{"start":{"line":56,"column":6},"end":{"line":56,"column":null}},"30":{"start":{"line":58,"column":4},"end":{"line":60,"column":null}},"31":{"start":{"line":59,"column":6},"end":{"line":59,"column":16}},"32":{"start":{"line":61,"column":4},"end":{"line":61,"column":null}},"33":{"start":{"line":62,"column":4},"end":{"line":62,"column":null}},"34":{"start":{"line":64,"column":4},"end":{"line":64,"column":null}}},"fnMap":{"0":{"name":"(anonymous_0)","decl":{"start":{"line":19,"column":22},"end":{"line":19,"column":27}},"loc":{"start":{"line":19,"column":35},"end":{"line":66,"column":1}},"line":19},"1":{"name":"(anonymous_1)","decl":{"start":{"line":21,"column":25},"end":{"line":21,"column":26}},"loc":{"start":{"line":21,"column":31},"end":{"line":21,"column":43}},"line":21},"2":{"name":"(anonymous_2)","decl":{"start":{"line":23,"column":18},"end":{"line":23,"column":23}},"loc":{"start":{"line":23,"column":45},"end":{"line":49,"column":3}},"line":23}},"branchMap":{"0":{"loc":{"start":{"line":23,"column":25},"end":{"line":23,"column":40}},"type":"default-arg","locations":[{"start":{"line":23,"column":35},"end":{"line":23,"column":40}}],"line":23},"1":{"loc":{"start":{"line":27,"column":4},"end":{"line":33,"column":null}},"type":"if","locations":[{"start":{"line":27,"column":4},"end":{"line":33,"column":null}},{"start":{},"end":{}}],"line":27},"2":{"loc":{"start":{"line":27,"column":8},"end":{"line":27,"column":44}},"type":"binary-expr","locations":[{"start":{"line":27,"column":8},"end":{"line":27,"column":18}},{"start":{"line":27,"column":22},"end":{"line":27,"column":44}}],"line":27},"3":{"loc":{"start":{"line":28,"column":6},"end":{"line":31,"column":null}},"type":"if","locations":[{"start":{"line":28,"column":6},"end":{"line":31,"column":null}},{"start":{},"end":{}}],"line":28},"4":{"loc":{"start":{"line":30,"column":8},"end":{"line":30,"column":null}},"type":"if","locations":[{"start":{"line":30,"column":8},"end":{"line":30,"column":null}},{"start":{},"end":{}}],"line":30},"5":{"loc":{"start":{"line":30,"column":12},"end":{"line":30,"column":44}},"type":"binary-expr","locations":[{"start":{"line":30,"column":12},"end":{"line":30,"column":23}},{"start":{"line":30,"column":27},"end":{"line":30,"column":44}}],"line":30},"6":{"loc":{"start":{"line":41,"column":4},"end":{"line":45,"column":null}},"type":"if","locations":[{"start":{"line":41,"column":4},"end":{"line":45,"column":null}},{"start":{},"end":{}}],"line":41},"7":{"loc":{"start":{"line":41,"column":8},"end":{"line":41,"column":36}},"type":"binary-expr","locations":[{"start":{"line":41,"column":8},"end":{"line":41,"column":24}},{"start":{"line":41,"column":28},"end":{"line":41,"column":36}}],"line":41},"8":{"loc":{"start":{"line":43,"column":6},"end":{"line":43,"column":null}},"type":"if","locations":[{"start":{"line":43,"column":6},"end":{"line":43,"column":null}},{"start":{},"end":{}}],"line":43},"9":{"loc":{"start":{"line":43,"column":10},"end":{"line":43,"column":42}},"type":"binary-expr","locations":[{"start":{"line":43,"column":10},"end":{"line":43,"column":21}},{"start":{"line":43,"column":25},"end":{"line":43,"column":42}}],"line":43},"10":{"loc":{"start":{"line":47,"column":4},"end":{"line":47,"column":null}},"type":"if","locations":[{"start":{"line":47,"column":4},"end":{"line":47,"column":null}},{"start":{},"end":{}}],"line":47},"11":{"loc":{"start":{"line":54,"column":4},"end":{"line":57,"column":null}},"type":"if","locations":[{"start":{"line":54,"column":4},"end":{"line":57,"column":null}},{"start":{},"end":{}}],"line":54},"12":{"loc":{"start":{"line":58,"column":4},"end":{"line":60,"column":null}},"type":"if","locations":[{"start":{"line":58,"column":4},"end":{"line":60,"column":null}},{"start":{},"end":{}}],"line":58}},"s":{"0":1,"1":1,"2":1,"3":1,"4":1,"5":15,"6":15,"7":0,"8":15,"9":19,"10":19,"11":3,"12":3,"13":3,"14":1,"15":2,"16":16,"17":16,"18":4,"19":4,"20":3,"21":1,"22":12,"23":12,"24":8,"25":15,"26":15,"27":8,"28":0,"29":0,"30":8,"31":3,"32":5,"33":5,"34":15},"f":{"0":15,"1":0,"2":19},"b":{"0":[19],"1":[3,16],"2":[19,19],"3":[3,0],"4":[1,2],"5":[3,1],"6":[4,12],"7":[16,5],"8":[3,1],"9":[4,3],"10":[4,8],"11":[0,8],"12":[3,5]},"meta":{"lastBranch":13,"lastFunction":3,"lastStatement":35,"seen":{"s:3:18:3:29":0,"s:5:20:14:1":1,"s:16:22:16:27":2,"s:17:24:17:64":3,"s:19:22:66:1":4,"f:19:22:19:27":0,"s:20:15:20:36":5,"s:21:14:21:59":6,"f:21:25:21:26":1,"s:21:31:21:43":7,"s:23:18:49:3":8,"f:23:18:23:23":2,"b:23:35:23:40":0,"s:24:53:24:85":9,"b:27:4:33:Infinity:undefined:undefined:undefined:undefined":1,"s:27:4:33:Infinity":10,"b:27:8:27:18:27:22:27:44":2,"b:28:6:31:Infinity:undefined:undefined:undefined:undefined":3,"s:28:6:31:Infinity":11,"s:29:55:29:91":12,"b:30:8:30:Infinity:undefined:undefined:undefined:undefined":4,"s:30:8:30:Infinity":13,"b:30:12:30:23:30:27:30:44":5,"s:30:46:30:Infinity":14,"s:32:6:32:Infinity":15,"s:35:14:38:6":16,"b:41:4:45:Infinity:undefined:undefined:undefined:undefined":6,"s:41:4:45:Infinity":17,"b:41:8:41:24:41:28:41:36":7,"s:42:53:42:89":18,"b:43:6:43:Infinity:undefined:undefined:undefined:undefined":8,"s:43:6:43:Infinity":19,"b:43:10:43:21:43:25:43:42":9,"s:43:44:43:Infinity":20,"s:44:6:44:Infinity":21,"b:47:4:47:Infinity:undefined:undefined:undefined:undefined":10,"s:47:4:47:Infinity":22,"s:47:15:47:Infinity":23,"s:48:4:48:Infinity":24,"s:51:2:65:Infinity":25,"s:52:4:52:Infinity":26,"b:54:4:57:Infinity:undefined:undefined:undefined:undefined":11,"s:54:4:57:Infinity":27,"s:55:6:55:Infinity":28,"s:56:6:56:Infinity":29,"b:58:4:60:Infinity:undefined:undefined:undefined:undefined":12,"s:58:4:60:Infinity":30,"s:59:6:59:16":31,"s:61:4:61:Infinity":32,"s:62:4:62:Infinity":33,"s:64:4:64:Infinity":34}}}
,"C:\\Users\\marce\\OneDrive\\Área de Trabalho\\Monitor_Coronel_Barbosa\\monitor-pmto\\src\\lib\\news.js": {"path":"C:\\Users\\marce\\OneDrive\\Área de Trabalho\\Monitor_Coronel_Barbosa\\monitor-pmto\\src\\lib\\news.js","statementMap":{"0":{"start":{"line":1,"column":24},"end":{"line":8,"column":1}},"1":{"start":{"line":9,"column":18},"end":{"line":9,"column":169}},"2":{"start":{"line":10,"column":18},"end":{"line":10,"column":365}},"3":{"start":{"line":12,"column":24},"end":{"line":21,"column":1}},"4":{"start":{"line":13,"column":10},"end":{"line":13,"column":89}},"5":{"start":{"line":14,"column":9},"end":{"line":14,"column":16}},"6":{"start":{"line":15,"column":2},"end":{"line":15,"column":null}},"7":{"start":{"line":15,"column":27},"end":{"line":15,"column":74}},"8":{"start":{"line":15,"column":43},"end":{"line":15,"column":56}},"9":{"start":{"line":15,"column":59},"end":{"line":15,"column":67}},"10":{"start":{"line":15,"column":67},"end":{"line":15,"column":73}},"11":{"start":{"line":16,"column":11},"end":{"line":16,"column":45}},"12":{"start":{"line":16,"column":24},"end":{"line":16,"column":37}},"13":{"start":{"line":16,"column":50},"end":{"line":16,"column":84}},"14":{"start":{"line":16,"column":63},"end":{"line":16,"column":76}},"15":{"start":{"line":17,"column":9},"end":{"line":17,"column":58}},"16":{"start":{"line":18,"column":9},"end":{"line":18,"column":17}},"17":{"start":{"line":18,"column":18},"end":{"line":18,"column":null}},"18":{"start":{"line":18,"column":29},"end":{"line":18,"column":49}},"19":{"start":{"line":18,"column":54},"end":{"line":18,"column":null}},"20":{"start":{"line":18,"column":65},"end":{"line":18,"column":79}},"21":{"start":{"line":18,"column":84},"end":{"line":18,"column":null}},"22":{"start":{"line":18,"column":95},"end":{"line":18,"column":null}},"23":{"start":{"line":19,"column":10},"end":{"line":19,"column":17}},"24":{"start":{"line":19,"column":18},"end":{"line":19,"column":null}},"25":{"start":{"line":19,"column":77},"end":{"line":19,"column":88}},"26":{"start":{"line":19,"column":93},"end":{"line":19,"column":null}},"27":{"start":{"line":19,"column":111},"end":{"line":19,"column":122}},"28":{"start":{"line":19,"column":127},"end":{"line":19,"column":null}},"29":{"start":{"line":19,"column":166},"end":{"line":19,"column":null}},"30":{"start":{"line":20,"column":2},"end":{"line":20,"column":null}}},"fnMap":{"0":{"name":"(anonymous_0)","decl":{"start":{"line":12,"column":24},"end":{"line":12,"column":25}},"loc":{"start":{"line":12,"column":29},"end":{"line":21,"column":1}},"line":12},"1":{"name":"(anonymous_1)","decl":{"start":{"line":15,"column":40},"end":{"line":15,"column":41}},"loc":{"start":{"line":15,"column":43},"end":{"line":15,"column":56}},"line":15},"2":{"name":"(anonymous_2)","decl":{"start":{"line":16,"column":21},"end":{"line":16,"column":22}},"loc":{"start":{"line":16,"column":24},"end":{"line":16,"column":37}},"line":16},"3":{"name":"(anonymous_3)","decl":{"start":{"line":16,"column":60},"end":{"line":16,"column":61}},"loc":{"start":{"line":16,"column":63},"end":{"line":16,"column":76}},"line":16}},"branchMap":{"0":{"loc":{"start":{"line":13,"column":24},"end":{"line":13,"column":37}},"type":"binary-expr","locations":[{"start":{"line":13,"column":24},"end":{"line":13,"column":33}},{"start":{"line":13,"column":35},"end":{"line":13,"column":37}}],"line":13},"1":{"loc":{"start":{"line":13,"column":44},"end":{"line":13,"column":63}},"type":"binary-expr","locations":[{"start":{"line":13,"column":44},"end":{"line":13,"column":59}},{"start":{"line":13,"column":61},"end":{"line":13,"column":63}}],"line":13},"2":{"loc":{"start":{"line":15,"column":27},"end":{"line":15,"column":74}},"type":"if","locations":[{"start":{"line":15,"column":27},"end":{"line":15,"column":74}},{"start":{},"end":{}}],"line":15},"3":{"loc":{"start":{"line":18,"column":18},"end":{"line":18,"column":null}},"type":"if","locations":[{"start":{"line":18,"column":18},"end":{"line":18,"column":null}},{"start":{"line":18,"column":54},"end":{"line":18,"column":null}}],"line":18},"4":{"loc":{"start":{"line":18,"column":54},"end":{"line":18,"column":null}},"type":"if","locations":[{"start":{"line":18,"column":54},"end":{"line":18,"column":null}},{"start":{"line":18,"column":84},"end":{"line":18,"column":null}}],"line":18},"5":{"loc":{"start":{"line":18,"column":84},"end":{"line":18,"column":null}},"type":"if","locations":[{"start":{"line":18,"column":84},"end":{"line":18,"column":null}},{"start":{},"end":{}}],"line":18},"6":{"loc":{"start":{"line":19,"column":18},"end":{"line":19,"column":null}},"type":"if","locations":[{"start":{"line":19,"column":18},"end":{"line":19,"column":null}},{"start":{"line":19,"column":93},"end":{"line":19,"column":null}}],"line":19},"7":{"loc":{"start":{"line":19,"column":21},"end":{"line":19,"column":76}},"type":"binary-expr","locations":[{"start":{"line":19,"column":21},"end":{"line":19,"column":46}},{"start":{"line":19,"column":48},"end":{"line":19,"column":76}}],"line":19},"8":{"loc":{"start":{"line":19,"column":93},"end":{"line":19,"column":null}},"type":"if","locations":[{"start":{"line":19,"column":93},"end":{"line":19,"column":null}},{"start":{"line":19,"column":127},"end":{"line":19,"column":null}}],"line":19},"9":{"loc":{"start":{"line":19,"column":127},"end":{"line":19,"column":null}},"type":"if","locations":[{"start":{"line":19,"column":127},"end":{"line":19,"column":null}},{"start":{},"end":{}}],"line":19},"10":{"loc":{"start":{"line":19,"column":130},"end":{"line":19,"column":165}},"type":"binary-expr","locations":[{"start":{"line":19,"column":130},"end":{"line":19,"column":157}},{"start":{"line":19,"column":159},"end":{"line":19,"column":165}}],"line":19},"11":{"loc":{"start":{"line":20,"column":12},"end":{"line":20,"column":61}},"type":"binary-expr","locations":[{"start":{"line":20,"column":12},"end":{"line":20,"column":21}},{"start":{"line":20,"column":23},"end":{"line":20,"column":61}}],"line":20},"12":{"loc":{"start":{"line":20,"column":67},"end":{"line":20,"column":111}},"type":"cond-expr","locations":[{"start":{"line":20,"column":81},"end":{"line":20,"column":108}},{"start":{"line":20,"column":109},"end":{"line":20,"column":111}}],"line":20},"13":{"loc":{"start":{"line":20,"column":119},"end":{"line":20,"column":137}},"type":"binary-expr","locations":[{"start":{"line":20,"column":119},"end":{"line":20,"column":132}},{"start":{"line":20,"column":134},"end":{"line":20,"column":137}}],"line":20},"14":{"loc":{"start":{"line":20,"column":225},"end":{"line":20,"column":244}},"type":"binary-expr","locations":[{"start":{"line":20,"column":225},"end":{"line":20,"column":240}},{"start":{"line":20,"column":242},"end":{"line":20,"column":244}}],"line":20},"15":{"loc":{"start":{"line":20,"column":267},"end":{"line":20,"column":298}},"type":"binary-expr","locations":[{"start":{"line":20,"column":267},"end":{"line":20,"column":281}},{"start":{"line":20,"column":283},"end":{"line":20,"column":298}}],"line":20},"16":{"loc":{"start":{"line":20,"column":305},"end":{"line":20,"column":318}},"type":"binary-expr","locations":[{"start":{"line":20,"column":305},"end":{"line":20,"column":312}},{"start":{"line":20,"column":314},"end":{"line":20,"column":318}}],"line":20},"17":{"loc":{"start":{"line":20,"column":329},"end":{"line":20,"column":349}},"type":"binary-expr","locations":[{"start":{"line":20,"column":329},"end":{"line":20,"column":346}},{"start":{"line":20,"column":348},"end":{"line":20,"column":349}}],"line":20},"18":{"loc":{"start":{"line":20,"column":365},"end":{"line":20,"column":386}},"type":"binary-expr","locations":[{"start":{"line":20,"column":365},"end":{"line":20,"column":382}},{"start":{"line":20,"column":384},"end":{"line":20,"column":386}}],"line":20},"19":{"loc":{"start":{"line":20,"column":404},"end":{"line":20,"column":445}},"type":"cond-expr","locations":[{"start":{"line":20,"column":427},"end":{"line":20,"column":437}},{"start":{"line":20,"column":438},"end":{"line":20,"column":445}}],"line":20},"20":{"loc":{"start":{"line":20,"column":405},"end":{"line":20,"column":418}},"type":"binary-expr","locations":[{"start":{"line":20,"column":405},"end":{"line":20,"column":412}},{"start":{"line":20,"column":414},"end":{"line":20,"column":418}}],"line":20},"21":{"loc":{"start":{"line":20,"column":450},"end":{"line":20,"column":481}},"type":"binary-expr","locations":[{"start":{"line":20,"column":450},"end":{"line":20,"column":464}},{"start":{"line":20,"column":466},"end":{"line":20,"column":481}}],"line":20},"22":{"loc":{"start":{"line":20,"column":516},"end":{"line":20,"column":535}},"type":"binary-expr","locations":[{"start":{"line":20,"column":516},"end":{"line":20,"column":531}},{"start":{"line":20,"column":533},"end":{"line":20,"column":535}}],"line":20},"23":{"loc":{"start":{"line":20,"column":551},"end":{"line":20,"column":630}},"type":"cond-expr","locations":[{"start":{"line":20,"column":569},"end":{"line":20,"column":627}},{"start":{"line":20,"column":628},"end":{"line":20,"column":630}}],"line":20}},"s":{"0":0,"1":0,"2":0,"3":0,"4":0,"5":0,"6":0,"7":0,"8":0,"9":0,"10":0,"11":0,"12":0,"13":0,"14":0,"15":0,"16":0,"17":0,"18":0,"19":0,"20":0,"21":0,"22":0,"23":0,"24":0,"25":0,"26":0,"27":0,"28":0,"29":0,"30":0},"f":{"0":0,"1":0,"2":0,"3":0},"b":{"0":[0,0],"1":[0,0],"2":[0,0],"3":[0,0],"4":[0,0],"5":[0,0],"6":[0,0],"7":[0,0],"8":[0,0],"9":[0,0],"10":[0,0],"11":[0,0],"12":[0,0],"13":[0,0],"14":[0,0],"15":[0,0],"16":[0,0],"17":[0,0],"18":[0,0],"19":[0,0],"20":[0,0],"21":[0,0],"22":[0,0],"23":[0,0]},"meta":{"lastBranch":24,"lastFunction":4,"lastStatement":31,"seen":{"s:1:24:8:1":0,"s:9:18:9:169":1,"s:10:18:10:365":2,"s:12:24:21:1":3,"f:12:24:12:25":0,"s:13:10:13:89":4,"b:13:24:13:33:13:35:13:37":0,"b:13:44:13:59:13:61:13:63":1,"s:14:9:14:16":5,"s:15:2:15:Infinity":6,"b:15:27:15:74:undefined:undefined:undefined:undefined":2,"s:15:27:15:74":7,"f:15:40:15:41":1,"s:15:43:15:56":8,"s:15:59:15:67":9,"s:15:67:15:73":10,"s:16:11:16:45":11,"f:16:21:16:22":2,"s:16:24:16:37":12,"s:16:50:16:84":13,"f:16:60:16:61":3,"s:16:63:16:76":14,"s:17:9:17:58":15,"s:18:9:18:17":16,"b:18:18:18:Infinity:18:54:18:Infinity":3,"s:18:18:18:Infinity":17,"s:18:29:18:49":18,"b:18:54:18:Infinity:18:84:18:Infinity":4,"s:18:54:18:Infinity":19,"s:18:65:18:79":20,"b:18:84:18:Infinity:undefined:undefined:undefined:undefined":5,"s:18:84:18:Infinity":21,"s:18:95:18:Infinity":22,"s:19:10:19:17":23,"b:19:18:19:Infinity:19:93:19:Infinity":6,"s:19:18:19:Infinity":24,"b:19:21:19:46:19:48:19:76":7,"s:19:77:19:88":25,"b:19:93:19:Infinity:19:127:19:Infinity":8,"s:19:93:19:Infinity":26,"s:19:111:19:122":27,"b:19:127:19:Infinity:undefined:undefined:undefined:undefined":9,"s:19:127:19:Infinity":28,"b:19:130:19:157:19:159:19:165":10,"s:19:166:19:Infinity":29,"s:20:2:20:Infinity":30,"b:20:12:20:21:20:23:20:61":11,"b:20:81:20:108:20:109:20:111":12,"b:20:119:20:132:20:134:20:137":13,"b:20:225:20:240:20:242:20:244":14,"b:20:267:20:281:20:283:20:298":15,"b:20:305:20:312:20:314:20:318":16,"b:20:329:20:346:20:348:20:349":17,"b:20:365:20:382:20:384:20:386":18,"b:20:427:20:437:20:438:20:445":19,"b:20:405:20:412:20:414:20:418":20,"b:20:450:20:464:20:466:20:481":21,"b:20:516:20:531:20:533:20:535":22,"b:20:569:20:627:20:628:20:630":23}}}
,"C:\\Users\\marce\\OneDrive\\Área de Trabalho\\Monitor_Coronel_Barbosa\\monitor-pmto\\src\\lib\\rateLimit.js": {"path":"C:\\Users\\marce\\OneDrive\\Área de Trabalho\\Monitor_Coronel_Barbosa\\monitor-pmto\\src\\lib\\rateLimit.js","statementMap":{"0":{"start":{"line":2,"column":17},"end":{"line":2,"column":26}},"1":{"start":{"line":3,"column":18},"end":{"line":3,"column":32}},"2":{"start":{"line":4,"column":21},"end":{"line":4,"column":22}},"3":{"start":{"line":6,"column":30},"end":{"line":15,"column":1}},"4":{"start":{"line":7,"column":14},"end":{"line":7,"column":40}},"5":{"start":{"line":8,"column":14},"end":{"line":8,"column":24}},"6":{"start":{"line":9,"column":18},"end":{"line":9,"column":76}},"7":{"start":{"line":9,"column":56},"end":{"line":9,"column":75}},"8":{"start":{"line":10,"column":2},"end":{"line":13,"column":null}},"9":{"start":{"line":11,"column":26},"end":{"line":11,"column":74}},"10":{"start":{"line":12,"column":4},"end":{"line":12,"column":null}},"11":{"start":{"line":14,"column":2},"end":{"line":14,"column":null}},"12":{"start":{"line":17,"column":29},"end":{"line":23,"column":1}},"13":{"start":{"line":18,"column":14},"end":{"line":18,"column":40}},"14":{"start":{"line":19,"column":14},"end":{"line":19,"column":24}},"15":{"start":{"line":20,"column":18},"end":{"line":20,"column":76}},"16":{"start":{"line":20,"column":56},"end":{"line":20,"column":75}},"17":{"start":{"line":21,"column":2},"end":{"line":21,"column":null}},"18":{"start":{"line":22,"column":2},"end":{"line":22,"column":null}},"19":{"start":{"line":25,"column":29},"end":{"line":27,"column":1}},"20":{"start":{"line":26,"column":2},"end":{"line":26,"column":null}}},"fnMap":{"0":{"name":"(anonymous_0)","decl":{"start":{"line":6,"column":30},"end":{"line":6,"column":35}},"loc":{"start":{"line":6,"column":39},"end":{"line":15,"column":1}},"line":6},"1":{"name":"(anonymous_1)","decl":{"start":{"line":9,"column":51},"end":{"line":9,"column":52}},"loc":{"start":{"line":9,"column":56},"end":{"line":9,"column":75}},"line":9},"2":{"name":"(anonymous_2)","decl":{"start":{"line":17,"column":29},"end":{"line":17,"column":34}},"loc":{"start":{"line":17,"column":38},"end":{"line":23,"column":1}},"line":17},"3":{"name":"(anonymous_3)","decl":{"start":{"line":20,"column":51},"end":{"line":20,"column":52}},"loc":{"start":{"line":20,"column":56},"end":{"line":20,"column":75}},"line":20},"4":{"name":"(anonymous_4)","decl":{"start":{"line":25,"column":29},"end":{"line":25,"column":34}},"loc":{"start":{"line":25,"column":38},"end":{"line":27,"column":1}},"line":25}},"branchMap":{"0":{"loc":{"start":{"line":9,"column":19},"end":{"line":9,"column":42}},"type":"binary-expr","locations":[{"start":{"line":9,"column":19},"end":{"line":9,"column":36}},{"start":{"line":9,"column":40},"end":{"line":9,"column":42}}],"line":9},"1":{"loc":{"start":{"line":10,"column":2},"end":{"line":13,"column":null}},"type":"if","locations":[{"start":{"line":10,"column":2},"end":{"line":13,"column":null}},{"start":{},"end":{}}],"line":10},"2":{"loc":{"start":{"line":20,"column":19},"end":{"line":20,"column":42}},"type":"binary-expr","locations":[{"start":{"line":20,"column":19},"end":{"line":20,"column":36}},{"start":{"line":20,"column":40},"end":{"line":20,"column":42}}],"line":20}},"s":{"0":0,"1":0,"2":0,"3":0,"4":0,"5":0,"6":0,"7":0,"8":0,"9":0,"10":0,"11":0,"12":0,"13":0,"14":0,"15":0,"16":0,"17":0,"18":0,"19":0,"20":0},"f":{"0":0,"1":0,"2":0,"3":0,"4":0},"b":{"0":[0,0],"1":[0,0],"2":[0,0]},"meta":{"lastBranch":3,"lastFunction":5,"lastStatement":21,"seen":{"s:2:17:2:26":0,"s:3:18:3:32":1,"s:4:21:4:22":2,"s:6:30:15:1":3,"f:6:30:6:35":0,"s:7:14:7:40":4,"s:8:14:8:24":5,"s:9:18:9:76":6,"b:9:19:9:36:9:40:9:42":0,"f:9:51:9:52":1,"s:9:56:9:75":7,"b:10:2:13:Infinity:undefined:undefined:undefined:undefined":1,"s:10:2:13:Infinity":8,"s:11:26:11:74":9,"s:12:4:12:Infinity":10,"s:14:2:14:Infinity":11,"s:17:29:23:1":12,"f:17:29:17:34":2,"s:18:14:18:40":13,"s:19:14:19:24":14,"s:20:18:20:76":15,"b:20:19:20:36:20:40:20:42":2,"f:20:51:20:52":3,"s:20:56:20:75":16,"s:21:2:21:Infinity":17,"s:22:2:22:Infinity":18,"s:25:29:27:1":19,"f:25:29:25:34":4,"s:26:2:26:Infinity":20}}}
,"C:\\Users\\marce\\OneDrive\\Área de Trabalho\\Monitor_Coronel_Barbosa\\monitor-pmto\\src\\lib\\supabase.js": {"path":"C:\\Users\\marce\\OneDrive\\Área de Trabalho\\Monitor_Coronel_Barbosa\\monitor-pmto\\src\\lib\\supabase.js","statementMap":{"0":{"start":{"line":3,"column":22},"end":{"line":3,"column":55}},"1":{"start":{"line":4,"column":22},"end":{"line":4,"column":60}},"2":{"start":{"line":6,"column":0},"end":{"line":8,"column":null}},"3":{"start":{"line":7,"column":2},"end":{"line":7,"column":null}},"4":{"start":{"line":10,"column":23},"end":{"line":16,"column":2}},"5":{"start":{"line":18,"column":0},"end":{"line":23,"column":null}},"6":{"start":{"line":19,"column":2},"end":{"line":21,"column":null}},"7":{"start":{"line":20,"column":4},"end":{"line":20,"column":null}}},"fnMap":{"0":{"name":"(anonymous_0)","decl":{"start":{"line":18,"column":32},"end":{"line":18,"column":33}},"loc":{"start":{"line":18,"column":43},"end":{"line":23,"column":1}},"line":18}},"branchMap":{"0":{"loc":{"start":{"line":6,"column":0},"end":{"line":8,"column":null}},"type":"if","locations":[{"start":{"line":6,"column":0},"end":{"line":8,"column":null}},{"start":{},"end":{}}],"line":6},"1":{"loc":{"start":{"line":6,"column":4},"end":{"line":6,"column":35}},"type":"binary-expr","locations":[{"start":{"line":6,"column":4},"end":{"line":6,"column":17}},{"start":{"line":6,"column":21},"end":{"line":6,"column":35}}],"line":6},"2":{"loc":{"start":{"line":19,"column":2},"end":{"line":21,"column":null}},"type":"if","locations":[{"start":{"line":19,"column":2},"end":{"line":21,"column":null}},{"start":{},"end":{}}],"line":19}},"s":{"0":0,"1":0,"2":0,"3":0,"4":0,"5":0,"6":0,"7":0},"f":{"0":0},"b":{"0":[0,0],"1":[0,0],"2":[0,0]},"meta":{"lastBranch":3,"lastFunction":1,"lastStatement":8,"seen":{"s:3:22:3:55":0,"s:4:22:4:60":1,"b:6:0:8:Infinity:undefined:undefined:undefined:undefined":0,"s:6:0:8:Infinity":2,"b:6:4:6:17:6:21:6:35":1,"s:7:2:7:Infinity":3,"s:10:23:16:2":4,"s:18:0:23:Infinity":5,"f:18:32:18:33":0,"b:19:2:21:Infinity:undefined:undefined:undefined:undefined":2,"s:19:2:21:Infinity":6,"s:20:4:20:Infinity":7}}}
,"C:\\Users\\marce\\OneDrive\\Área de Trabalho\\Monitor_Coronel_Barbosa\\monitor-pmto\\src\\lib\\urlState.js": {"path":"C:\\Users\\marce\\OneDrive\\Área de Trabalho\\Monitor_Coronel_Barbosa\\monitor-pmto\\src\\lib\\urlState.js","statementMap":{"0":{"start":{"line":1,"column":17},"end":{"line":8,"column":1}},"1":{"start":{"line":10,"column":14},"end":{"line":13,"column":1}},"2":{"start":{"line":16,"column":12},"end":{"line":16,"column":55}},"3":{"start":{"line":17,"column":20},"end":{"line":17,"column":38}},"4":{"start":{"line":18,"column":20},"end":{"line":18,"column":33}},"5":{"start":{"line":19,"column":2},"end":{"line":26,"column":null}},"6":{"start":{"line":30,"column":12},"end":{"line":30,"column":33}},"7":{"start":{"line":31,"column":2},"end":{"line":31,"column":null}},"8":{"start":{"line":31,"column":46},"end":{"line":31,"column":null}},"9":{"start":{"line":32,"column":2},"end":{"line":32,"column":null}},"10":{"start":{"line":32,"column":46},"end":{"line":32,"column":null}},"11":{"start":{"line":33,"column":2},"end":{"line":33,"column":null}},"12":{"start":{"line":33,"column":46},"end":{"line":33,"column":null}},"13":{"start":{"line":34,"column":2},"end":{"line":34,"column":null}},"14":{"start":{"line":34,"column":46},"end":{"line":34,"column":null}},"15":{"start":{"line":35,"column":2},"end":{"line":35,"column":null}},"16":{"start":{"line":35,"column":46},"end":{"line":35,"column":null}},"17":{"start":{"line":36,"column":2},"end":{"line":36,"column":null}},"18":{"start":{"line":36,"column":46},"end":{"line":36,"column":null}},"19":{"start":{"line":38,"column":17},"end":{"line":40,"column":30}},"20":{"start":{"line":42,"column":2},"end":{"line":42,"column":null}}},"fnMap":{"0":{"name":"getStateFromUrl","decl":{"start":{"line":15,"column":16},"end":{"line":15,"column":31}},"loc":{"start":{"line":15,"column":34},"end":{"line":27,"column":null}},"line":15},"1":{"name":"setStateToUrl","decl":{"start":{"line":29,"column":16},"end":{"line":29,"column":29}},"loc":{"start":{"line":29,"column":37},"end":{"line":43,"column":null}},"line":29}},"branchMap":{"0":{"loc":{"start":{"line":20,"column":15},"end":{"line":20,"column":49}},"type":"binary-expr","locations":[{"start":{"line":20,"column":15},"end":{"line":20,"column":29}},{"start":{"line":20,"column":35},"end":{"line":20,"column":49}}],"line":20},"1":{"loc":{"start":{"line":21,"column":15},"end":{"line":21,"column":51}},"type":"binary-expr","locations":[{"start":{"line":21,"column":15},"end":{"line":21,"column":31}},{"start":{"line":21,"column":35},"end":{"line":21,"column":51}}],"line":21},"2":{"loc":{"start":{"line":22,"column":15},"end":{"line":22,"column":48}},"type":"binary-expr","locations":[{"start":{"line":22,"column":15},"end":{"line":22,"column":28}},{"start":{"line":22,"column":35},"end":{"line":22,"column":48}}],"line":22},"3":{"loc":{"start":{"line":23,"column":15},"end":{"line":23,"column":49}},"type":"binary-expr","locations":[{"start":{"line":23,"column":15},"end":{"line":23,"column":29}},{"start":{"line":23,"column":35},"end":{"line":23,"column":49}}],"line":23},"4":{"loc":{"start":{"line":24,"column":15},"end":{"line":24,"column":78}},"type":"cond-expr","locations":[{"start":{"line":24,"column":48},"end":{"line":24,"column":57}},{"start":{"line":24,"column":60},"end":{"line":24,"column":78}}],"line":24},"5":{"loc":{"start":{"line":25,"column":15},"end":{"line":25,"column":78}},"type":"cond-expr","locations":[{"start":{"line":25,"column":48},"end":{"line":25,"column":57}},{"start":{"line":25,"column":60},"end":{"line":25,"column":78}}],"line":25},"6":{"loc":{"start":{"line":31,"column":2},"end":{"line":31,"column":null}},"type":"if","locations":[{"start":{"line":31,"column":2},"end":{"line":31,"column":null}},{"start":{},"end":{}}],"line":31},"7":{"loc":{"start":{"line":32,"column":2},"end":{"line":32,"column":null}},"type":"if","locations":[{"start":{"line":32,"column":2},"end":{"line":32,"column":null}},{"start":{},"end":{}}],"line":32},"8":{"loc":{"start":{"line":33,"column":2},"end":{"line":33,"column":null}},"type":"if","locations":[{"start":{"line":33,"column":2},"end":{"line":33,"column":null}},{"start":{},"end":{}}],"line":33},"9":{"loc":{"start":{"line":34,"column":2},"end":{"line":34,"column":null}},"type":"if","locations":[{"start":{"line":34,"column":2},"end":{"line":34,"column":null}},{"start":{},"end":{}}],"line":34},"10":{"loc":{"start":{"line":35,"column":2},"end":{"line":35,"column":null}},"type":"if","locations":[{"start":{"line":35,"column":2},"end":{"line":35,"column":null}},{"start":{},"end":{}}],"line":35},"11":{"loc":{"start":{"line":36,"column":2},"end":{"line":36,"column":null}},"type":"if","locations":[{"start":{"line":36,"column":2},"end":{"line":36,"column":null}},{"start":{},"end":{}}],"line":36},"12":{"loc":{"start":{"line":38,"column":17},"end":{"line":40,"column":30}},"type":"cond-expr","locations":[{"start":{"line":39,"column":6},"end":{"line":39,"column":null}},{"start":{"line":40,"column":6},"end":{"line":40,"column":30}}],"line":38}},"s":{"0":1,"1":1,"2":19,"3":19,"4":19,"5":19,"6":12,"7":12,"8":6,"9":12,"10":3,"11":12,"12":1,"13":12,"14":1,"15":12,"16":3,"17":12,"18":3,"19":12,"20":12},"f":{"0":19,"1":12},"b":{"0":[19,15],"1":[19,16],"2":[19,18],"3":[19,18],"4":[5,14],"5":[3,16],"6":[6,6],"7":[3,9],"8":[1,11],"9":[1,11],"10":[3,9],"11":[3,9],"12":[10,2]},"meta":{"lastBranch":13,"lastFunction":2,"lastStatement":21,"seen":{"s:1:17:8:1":0,"s:10:14:13:1":1,"f:15:16:15:31":0,"s:16:12:16:55":2,"s:17:20:17:38":3,"s:18:20:18:33":4,"s:19:2:26:Infinity":5,"b:20:15:20:29:20:35:20:49":0,"b:21:15:21:31:21:35:21:51":1,"b:22:15:22:28:22:35:22:48":2,"b:23:15:23:29:23:35:23:49":3,"b:24:48:24:57:24:60:24:78":4,"b:25:48:25:57:25:60:25:78":5,"f:29:16:29:29":1,"s:30:12:30:33":6,"b:31:2:31:Infinity:undefined:undefined:undefined:undefined":6,"s:31:2:31:Infinity":7,"s:31:46:31:Infinity":8,"b:32:2:32:Infinity:undefined:undefined:undefined:undefined":7,"s:32:2:32:Infinity":9,"s:32:46:32:Infinity":10,"b:33:2:33:Infinity:undefined:undefined:undefined:undefined":8,"s:33:2:33:Infinity":11,"s:33:46:33:Infinity":12,"b:34:2:34:Infinity:undefined:undefined:undefined:undefined":9,"s:34:2:34:Infinity":13,"s:34:46:34:Infinity":14,"b:35:2:35:Infinity:undefined:undefined:undefined:undefined":10,"s:35:2:35:Infinity":15,"s:35:46:35:Infinity":16,"b:36:2:36:Infinity:undefined:undefined:undefined:undefined":11,"s:36:2:36:Infinity":17,"s:36:46:36:Infinity":18,"s:38:17:40:30":19,"b:39:6:39:Infinity:40:6:40:30":12,"s:42:2:42:Infinity":20}}}
,"C:\\Users\\marce\\OneDrive\\Área de Trabalho\\Monitor_Coronel_Barbosa\\monitor-pmto\\src\\lib\\useAutoRefresh.js": {"path":"C:\\Users\\marce\\OneDrive\\Área de Trabalho\\Monitor_Coronel_Barbosa\\monitor-pmto\\src\\lib\\useAutoRefresh.js","statementMap":{"0":{"start":{"line":4,"column":31},"end":{"line":7,"column":4}},"1":{"start":{"line":5,"column":18},"end":{"line":5,"column":53}},"2":{"start":{"line":6,"column":4},"end":{"line":6,"column":null}},"3":{"start":{"line":8,"column":39},"end":{"line":8,"column":54}},"4":{"start":{"line":9,"column":21},"end":{"line":9,"column":34}},"5":{"start":{"line":11,"column":1},"end":{"line":13,"column":null}},"6":{"start":{"line":12,"column":4},"end":{"line":12,"column":null}},"7":{"start":{"line":15,"column":1},"end":{"line":38,"column":null}},"8":{"start":{"line":16,"column":4},"end":{"line":19,"column":null}},"9":{"start":{"line":17,"column":6},"end":{"line":17,"column":null}},"10":{"start":{"line":17,"column":31},"end":{"line":17,"column":null}},"11":{"start":{"line":18,"column":6},"end":{"line":18,"column":null}},"12":{"start":{"line":21,"column":22},"end":{"line":25,"column":5}},"13":{"start":{"line":22,"column":6},"end":{"line":22,"column":null}},"14":{"start":{"line":23,"column":6},"end":{"line":23,"column":null}},"15":{"start":{"line":24,"column":6},"end":{"line":24,"column":null}},"16":{"start":{"line":28,"column":27},"end":{"line":32,"column":17}},"17":{"start":{"line":29,"column":6},"end":{"line":29,"column":null}},"18":{"start":{"line":31,"column":6},"end":{"line":31,"column":null}},"19":{"start":{"line":34,"column":4},"end":{"line":37,"column":null}},"20":{"start":{"line":35,"column":6},"end":{"line":35,"column":null}},"21":{"start":{"line":36,"column":6},"end":{"line":36,"column":null}},"22":{"start":{"line":36,"column":31},"end":{"line":36,"column":null}},"23":{"start":{"line":40,"column":2},"end":{"line":40,"column":null}}},"fnMap":{"0":{"name":"useAutoRefresh","decl":{"start":{"line":3,"column":16},"end":{"line":3,"column":30}},"loc":{"start":{"line":3,"column":63},"end":{"line":41,"column":null}},"line":3},"1":{"name":"(anonymous_1)","decl":{"start":{"line":4,"column":41},"end":{"line":4,"column":42}},"loc":{"start":{"line":4,"column":47},"end":{"line":7,"column":3}},"line":4},"2":{"name":"(anonymous_2)","decl":{"start":{"line":11,"column":12},"end":{"line":11,"column":13}},"loc":{"start":{"line":11,"column":18},"end":{"line":13,"column":3}},"line":11},"3":{"name":"(anonymous_3)","decl":{"start":{"line":15,"column":12},"end":{"line":15,"column":13}},"loc":{"start":{"line":15,"column":18},"end":{"line":38,"column":3}},"line":15},"4":{"name":"(anonymous_4)","decl":{"start":{"line":21,"column":22},"end":{"line":21,"column":27}},"loc":{"start":{"line":21,"column":34},"end":{"line":25,"column":5}},"line":21},"5":{"name":"(anonymous_5)","decl":{"start":{"line":28,"column":38},"end":{"line":28,"column":39}},"loc":{"start":{"line":28,"column":44},"end":{"line":32,"column":5}},"line":28},"6":{"name":"(anonymous_6)","decl":{"start":{"line":34,"column":11},"end":{"line":34,"column":12}},"loc":{"start":{"line":34,"column":17},"end":{"line":37,"column":5}},"line":34}},"branchMap":{"0":{"loc":{"start":{"line":3,"column":41},"end":{"line":3,"column":61}},"type":"default-arg","locations":[{"start":{"line":3,"column":59},"end":{"line":3,"column":61}}],"line":3},"1":{"loc":{"start":{"line":6,"column":11},"end":{"line":6,"column":52}},"type":"cond-expr","locations":[{"start":{"line":6,"column":28},"end":{"line":6,"column":45}},{"start":{"line":6,"column":48},"end":{"line":6,"column":52}}],"line":6},"2":{"loc":{"start":{"line":16,"column":4},"end":{"line":19,"column":null}},"type":"if","locations":[{"start":{"line":16,"column":4},"end":{"line":19,"column":null}},{"start":{},"end":{}}],"line":16},"3":{"loc":{"start":{"line":17,"column":6},"end":{"line":17,"column":null}},"type":"if","locations":[{"start":{"line":17,"column":6},"end":{"line":17,"column":null}},{"start":{},"end":{}}],"line":17},"4":{"loc":{"start":{"line":36,"column":6},"end":{"line":36,"column":null}},"type":"if","locations":[{"start":{"line":36,"column":6},"end":{"line":36,"column":null}},{"start":{},"end":{}}],"line":36}},"s":{"0":0,"1":0,"2":0,"3":0,"4":0,"5":0,"6":0,"7":0,"8":0,"9":0,"10":0,"11":0,"12":0,"13":0,"14":0,"15":0,"16":0,"17":0,"18":0,"19":0,"20":0,"21":0,"22":0,"23":0},"f":{"0":0,"1":0,"2":0,"3":0,"4":0,"5":0,"6":0},"b":{"0":[0],"1":[0,0],"2":[0,0],"3":[0,0],"4":[0,0]},"meta":{"lastBranch":5,"lastFunction":7,"lastStatement":24,"seen":{"f:3:16:3:30":0,"b:3:59:3:61":0,"s:4:31:7:4":0,"f:4:41:4:42":1,"s:5:18:5:53":1,"s:6:4:6:Infinity":2,"b:6:28:6:45:6:48:6:52":1,"s:8:39:8:54":3,"s:9:21:9:34":4,"s:11:1:13:Infinity":5,"f:11:12:11:13":2,"s:12:4:12:Infinity":6,"s:15:1:38:Infinity":7,"f:15:12:15:13":3,"b:16:4:19:Infinity:undefined:undefined:undefined:undefined":2,"s:16:4:19:Infinity":8,"b:17:6:17:Infinity:undefined:undefined:undefined:undefined":3,"s:17:6:17:Infinity":9,"s:17:31:17:Infinity":10,"s:18:6:18:Infinity":11,"s:21:22:25:5":12,"f:21:22:21:27":4,"s:22:6:22:Infinity":13,"s:23:6:23:Infinity":14,"s:24:6:24:Infinity":15,"s:28:27:32:17":16,"f:28:38:28:39":5,"s:29:6:29:Infinity":17,"s:31:6:31:Infinity":18,"s:34:4:37:Infinity":19,"f:34:11:34:12":6,"s:35:6:35:Infinity":20,"b:36:6:36:Infinity:undefined:undefined:undefined:undefined":4,"s:36:6:36:Infinity":21,"s:36:31:36:Infinity":22,"s:40:2:40:Infinity":23}}}
,"C:\\Users\\marce\\OneDrive\\Área de Trabalho\\Monitor_Coronel_Barbosa\\monitor-pmto\\src\\lib\\useOffline.js": {"path":"C:\\Users\\marce\\OneDrive\\Área de Trabalho\\Monitor_Coronel_Barbosa\\monitor-pmto\\src\\lib\\useOffline.js","statementMap":{"0":{"start":{"line":3,"column":26},"end":{"line":18,"column":1}},"1":{"start":{"line":4,"column":35},"end":{"line":4,"column":63}},"2":{"start":{"line":6,"column":1},"end":{"line":15,"column":null}},"3":{"start":{"line":7,"column":26},"end":{"line":7,"column":51}},"4":{"start":{"line":7,"column":32},"end":{"line":7,"column":51}},"5":{"start":{"line":8,"column":26},"end":{"line":8,"column":50}},"6":{"start":{"line":8,"column":32},"end":{"line":8,"column":50}},"7":{"start":{"line":9,"column":4},"end":{"line":9,"column":null}},"8":{"start":{"line":10,"column":4},"end":{"line":10,"column":null}},"9":{"start":{"line":11,"column":4},"end":{"line":14,"column":null}},"10":{"start":{"line":12,"column":6},"end":{"line":12,"column":null}},"11":{"start":{"line":13,"column":6},"end":{"line":13,"column":null}},"12":{"start":{"line":17,"column":2},"end":{"line":17,"column":null}}},"fnMap":{"0":{"name":"(anonymous_0)","decl":{"start":{"line":3,"column":26},"end":{"line":3,"column":27}},"loc":{"start":{"line":3,"column":32},"end":{"line":18,"column":1}},"line":3},"1":{"name":"(anonymous_1)","decl":{"start":{"line":6,"column":12},"end":{"line":6,"column":13}},"loc":{"start":{"line":6,"column":18},"end":{"line":15,"column":3}},"line":6},"2":{"name":"(anonymous_2)","decl":{"start":{"line":7,"column":26},"end":{"line":7,"column":27}},"loc":{"start":{"line":7,"column":32},"end":{"line":7,"column":51}},"line":7},"3":{"name":"(anonymous_3)","decl":{"start":{"line":8,"column":26},"end":{"line":8,"column":27}},"loc":{"start":{"line":8,"column":32},"end":{"line":8,"column":50}},"line":8},"4":{"name":"(anonymous_4)","decl":{"start":{"line":11,"column":11},"end":{"line":11,"column":12}},"loc":{"start":{"line":11,"column":17},"end":{"line":14,"column":5}},"line":11}},"branchMap":{},"s":{"0":0,"1":0,"2":0,"3":0,"4":0,"5":0,"6":0,"7":0,"8":0,"9":0,"10":0,"11":0,"12":0},"f":{"0":0,"1":0,"2":0,"3":0,"4":0},"b":{},"meta":{"lastBranch":0,"lastFunction":5,"lastStatement":13,"seen":{"s:3:26:18:1":0,"f:3:26:3:27":0,"s:4:35:4:63":1,"s:6:1:15:Infinity":2,"f:6:12:6:13":1,"s:7:26:7:51":3,"f:7:26:7:27":2,"s:7:32:7:51":4,"s:8:26:8:50":5,"f:8:26:8:27":3,"s:8:32:8:50":6,"s:9:4:9:Infinity":7,"s:10:4:10:Infinity":8,"s:11:4:14:Infinity":9,"f:11:11:11:12":4,"s:12:6:12:Infinity":10,"s:13:6:13:Infinity":11,"s:17:2:17:Infinity":12}}}
}
